<component name="libraryTable">
  <library name="junit-4.10">
    <CLASSES>
      <root url="jar://$PROJECT_DIR$/lib/junit-4.10.jar!/" />
      <root url="jar://$PROJECT_DIR$/lib/slf4j-api-1.7.25.jar!/" />
      <root url="jar://$PROJECT_DIR$/lib/slf4j-log4j12-1.7.25.jar!/" />
    </CLASSES>
    <JAVADOC />
    <SOURCES />
  </library>
</component>